# JRE version: Java(TM) SE Runtime Environment (8.0_121-b13) (build 1.8.0_121-b13)
# Java VM: Java HotSpot(TM) 64-Bit Server VM (25.121-b13 mixed mode windows-amd64 compressed oops)
Heap:
 PSYoungGen      total 115200K, used 1208K [0x00000000eab00000, 0x00000000f5b80000, 0x0000000100000000)
  eden space 101376K, 1% used [0x00000000eab00000,0x00000000eac2e038,0x00000000f0e00000)
  from space 13824K, 0% used [0x00000000f0e00000,0x00000000f0e00000,0x00000000f1b80000)
  to   space 16384K, 0% used [0x00000000f4b80000,0x00000000f4b80000,0x00000000f5b80000)
 ParOldGen       total 52736K, used 19088K [0x00000000c0000000, 0x00000000c3380000, 0x00000000eab00000)
  object space 52736K, 36% used [0x00000000c0000000,0x00000000c12a4388,0x00000000c3380000)
 Metaspace       used 37230K, capacity 38231K, committed 38400K, reserved 1083392K
  class space    used 4327K, capacity 4546K, committed 4608K, reserved 1048576K
GC Heap History (10 events):
Event: 2.766 GC heap before
{Heap before GC invocations=7 (full 1):
 PSYoungGen      total 73216K, used 3278K [0x00000000eab00000, 0x00000000efa00000, 0x0000000100000000)
  eden space 65536K, 0% used [0x00000000eab00000,0x00000000eab00000,0x00000000eeb00000)
  from space 7680K, 42% used [0x00000000ef280000,0x00000000ef5b3930,0x00000000efa00000)
  to   space 7680K, 0% used [0x00000000eeb00000,0x00000000eeb00000,0x00000000ef280000)
 ParOldGen       total 44032K, used 10692K [0x00000000c0000000, 0x00000000c2b00000, 0x00000000eab00000)
  object space 44032K, 24% used [0x00000000c0000000,0x00000000c0a71160,0x00000000c2b00000)
 Metaspace       used 20662K, capacity 21118K, committed 21296K, reserved 1067008K
  class space    used 2690K, capacity 2858K, committed 2944K, reserved 1048576K
Event: 2.848 GC heap after
Heap after GC invocations=7 (full 1):
 PSYoungGen      total 73216K, used 0K [0x00000000eab00000, 0x00000000efa00000, 0x0000000100000000)
  eden space 65536K, 0% used [0x00000000eab00000,0x00000000eab00000,0x00000000eeb00000)
  from space 7680K, 0% used [0x00000000ef280000,0x00000000ef280000,0x00000000efa00000)
  to   space 7680K, 0% used [0x00000000eeb00000,0x00000000eeb00000,0x00000000ef280000)
 ParOldGen       total 31744K, used 4784K [0x00000000c0000000, 0x00000000c1f00000, 0x00000000eab00000)
  object space 31744K, 15% used [0x00000000c0000000,0x00000000c04ac1e0,0x00000000c1f00000)
 Metaspace       used 20662K, capacity 21118K, committed 21296K, reserved 1067008K
  class space    used 2690K, capacity 2858K, committed 2944K, reserved 1048576K
}
Event: 4.822 GC heap before
{Heap before GC invocations=8 (full 1):
 PSYoungGen      total 73216K, used 65536K [0x00000000eab00000, 0x00000000efa00000, 0x0000000100000000)
  eden space 65536K, 100% used [0x00000000eab00000,0x00000000eeb00000,0x00000000eeb00000)
  from space 7680K, 0% used [0x00000000ef280000,0x00000000ef280000,0x00000000efa00000)
  to   space 7680K, 0% used [0x00000000eeb00000,0x00000000eeb00000,0x00000000ef280000)
 ParOldGen       total 31744K, used 4784K [0x00000000c0000000, 0x00000000c1f00000, 0x00000000eab00000)
  object space 31744K, 15% used [0x00000000c0000000,0x00000000c04ac1e0,0x00000000c1f00000)
 Metaspace       used 26253K, capacity 26892K, committed 27264K, reserved 1073152K
  class space    used 3408K, capacity 3595K, committed 3712K, reserved 1048576K
Event: 4.856 GC heap after
Heap after GC invocations=8 (full 1):
 PSYoungGen      total 73216K, used 7660K [0x00000000eab00000, 0x00000000f2580000, 0x0000000100000000)
  eden space 65536K, 0% used [0x00000000eab00000,0x00000000eab00000,0x00000000eeb00000)
  from space 7680K, 99% used [0x00000000eeb00000,0x00000000ef27b188,0x00000000ef280000)
  to   space 10240K, 0% used [0x00000000f1b80000,0x00000000f1b80000,0x00000000f2580000)
 ParOldGen       total 31744K, used 7637K [0x00000000c0000000, 0x00000000c1f00000, 0x00000000eab00000)
  object space 31744K, 24% used [0x00000000c0000000,0x00000000c0775598,0x00000000c1f00000)
 Metaspace       used 26253K, capacity 26892K, committed 27264K, reserved 1073152K
  class space    used 3408K, capacity 3595K, committed 3712K, reserved 1048576K
}
Event: 6.723 GC heap before
{Heap before GC invocations=9 (full 1):
 PSYoungGen      total 73216K, used 73196K [0x00000000eab00000, 0x00000000f2580000, 0x0000000100000000)
  eden space 65536K, 100% used [0x00000000eab00000,0x00000000eeb00000,0x00000000eeb00000)
  from space 7680K, 99% used [0x00000000eeb00000,0x00000000ef27b188,0x00000000ef280000)
  to   space 10240K, 0% used [0x00000000f1b80000,0x00000000f1b80000,0x00000000f2580000)
 ParOldGen       total 31744K, used 7637K [0x00000000c0000000, 0x00000000c1f00000, 0x00000000eab00000)
  object space 31744K, 24% used [0x00000000c0000000,0x00000000c0775598,0x00000000c1f00000)
 Metaspace       used 32149K, capacity 33142K, committed 33408K, reserved 1079296K
  class space    used 4182K, capacity 4418K, committed 4480K, reserved 1048576K
Event: 6.749 GC heap after
Heap after GC invocations=9 (full 1):
 PSYoungGen      total 111616K, used 10216K [0x00000000eab00000, 0x00000000f2980000, 0x0000000100000000)
  eden space 101376K, 0% used [0x00000000eab00000,0x00000000eab00000,0x00000000f0e00000)
  from space 10240K, 99% used [0x00000000f1b80000,0x00000000f257a050,0x00000000f2580000)
  to   space 13824K, 0% used [0x00000000f0e00000,0x00000000f0e00000,0x00000000f1b80000)
 ParOldGen       total 31744K, used 11872K [0x00000000c0000000, 0x00000000c1f00000, 0x00000000eab00000)
  object space 31744K, 37% used [0x00000000c0000000,0x00000000c0b981a0,0x00000000c1f00000)
 Metaspace       used 32149K, capacity 33142K, committed 33408K, reserved 1079296K
  class space    used 4182K, capacity 4418K, committed 4480K, reserved 1048576K
}
Event: 6.943 GC heap before
{Heap before GC invocations=10 (full 1):
 PSYoungGen      total 111616K, used 24774K [0x00000000eab00000, 0x00000000f2980000, 0x0000000100000000)
  eden space 101376K, 14% used [0x00000000eab00000,0x00000000eb937838,0x00000000f0e00000)
  from space 10240K, 99% used [0x00000000f1b80000,0x00000000f257a050,0x00000000f2580000)
  to   space 13824K, 0% used [0x00000000f0e00000,0x00000000f0e00000,0x00000000f1b80000)
 ParOldGen       total 31744K, used 11872K [0x00000000c0000000, 0x00000000c1f00000, 0x00000000eab00000)
  object space 31744K, 37% used [0x00000000c0000000,0x00000000c0b981a0,0x00000000c1f00000)
 Metaspace       used 34303K, capacity 35287K, committed 35496K, reserved 1081344K
  class space    used 4312K, capacity 4546K, committed 4608K, reserved 1048576K
Event: 7.014 GC heap after
Heap after GC invocations=10 (full 1):
 PSYoungGen      total 115200K, used 13813K [0x00000000eab00000, 0x00000000f5b80000, 0x0000000100000000)
  eden space 101376K, 0% used [0x00000000eab00000,0x00000000eab00000,0x00000000f0e00000)
  from space 13824K, 99% used [0x00000000f0e00000,0x00000000f1b7d5e0,0x00000000f1b80000)
  to   space 16384K, 0% used [0x00000000f4b80000,0x00000000f4b80000,0x00000000f5b80000)
 ParOldGen       total 31744K, used 12682K [0x00000000c0000000, 0x00000000c1f00000, 0x00000000eab00000)
  object space 31744K, 39% used [0x00000000c0000000,0x00000000c0c62a80,0x00000000c1f00000)
 Metaspace       used 34303K, capacity 35287K, committed 35496K, reserved 1081344K
  class space    used 4312K, capacity 4546K, committed 4608K, reserved 1048576K
}
Event: 7.014 GC heap before
{Heap before GC invocations=11 (full 2):
 PSYoungGen      total 115200K, used 13813K [0x00000000eab00000, 0x00000000f5b80000, 0x0000000100000000)
  eden space 101376K, 0% used [0x00000000eab00000,0x00000000eab00000,0x00000000f0e00000)
  from space 13824K, 99% used [0x00000000f0e00000,0x00000000f1b7d5e0,0x00000000f1b80000)
  to   space 16384K, 0% used [0x00000000f4b80000,0x00000000f4b80000,0x00000000f5b80000)
 ParOldGen       total 31744K, used 12682K [0x00000000c0000000, 0x00000000c1f00000, 0x00000000eab00000)
  object space 31744K, 39% used [0x00000000c0000000,0x00000000c0c62a80,0x00000000c1f00000)
 Metaspace       used 34303K, capacity 35287K, committed 35496K, reserved 1081344K
  class space    used 4312K, capacity 4546K, committed 4608K, reserved 1048576K
Event: 7.130 GC heap after
Heap after GC invocations=11 (full 2):
 PSYoungGen      total 115200K, used 0K [0x00000000eab00000, 0x00000000f5b80000, 0x0000000100000000)
  eden space 101376K, 0% used [0x00000000eab00000,0x00000000eab00000,0x00000000f0e00000)
  from space 13824K, 0% used [0x00000000f0e00000,0x00000000f0e00000,0x00000000f1b80000)
  to   space 16384K, 0% used [0x00000000f4b80000,0x00000000f4b80000,0x00000000f5b80000)
 ParOldGen       total 52736K, used 19088K [0x00000000c0000000, 0x00000000c3380000, 0x00000000eab00000)
  object space 52736K, 36% used [0x00000000c0000000,0x00000000c12a4388,0x00000000c3380000)
 Metaspace       used 34303K, capacity 35287K, committed 35496K, reserved 1081344K
  class space    used 4312K, capacity 4546K, committed 4608K, reserved 1048576K
}

